\BOOKMARK [1][-]{Doc-Start}{Resumen}{}% 1
\BOOKMARK [1][-]{section.1}{Deep Generative Models}{}% 2
\BOOKMARK [2][-]{subsection.1.1}{Latent-feature discriminative model \(M1\)}{section.1}% 3
\BOOKMARK [2][-]{subsection.1.2}{Generative semi-supervised model \(M2\)}{section.1}% 4
\BOOKMARK [2][-]{subsection.1.3}{Stacked generative semi-supervised model \(M1+M2\)}{section.1}% 5
\BOOKMARK [1][-]{section.2}{Scalable variational inference}{}% 6
\BOOKMARK [2][-]{subsection.2.1}{Lower bound objective}{section.2}% 7
\BOOKMARK [2][-]{subsection.2.2}{Latent feature discriminative model objective}{section.2}% 8
\BOOKMARK [2][-]{subsection.2.3}{Generative semi-supervised model objective}{section.2}% 9
\BOOKMARK [1][-]{section.3}{Optimization}{}% 10
\BOOKMARK [1][-]{section.4}{C\363digo}{}% 11
\BOOKMARK [2][-]{subsection.4.1}{Repositorios}{section.4}% 12
\BOOKMARK [2][-]{subsection.4.2}{HyperspectralData class}{section.4}% 13
\BOOKMARK [2][-]{subsection.4.3}{Entrenamiento M1}{section.4}% 14
\BOOKMARK [2][-]{subsection.4.4}{Entrenamiento M2}{section.4}% 15
\BOOKMARK [2][-]{subsection.4.5}{Extracci\363n de caracter\355sticas}{section.4}% 16
\BOOKMARK [1][-]{section.5}{Resultados}{}% 17
\BOOKMARK [2][-]{subsection.5.1}{Primer long run M2}{section.5}% 18
\BOOKMARK [2][-]{subsection.5.2}{Segundo long run M2}{section.5}% 19
\BOOKMARK [1][-]{section.6}{Errores y trabajo a seguir}{}% 20
